<?xml version="1.0" encoding="UTF-8"?>
<!-- Generated by org.testng.reporters.JUnitXMLReporter -->
<testsuite ignored="0" hostname="DESKTOP-MIBOA5U" failures="0" tests="3" name="Default test" time="58.517" errors="0" timestamp="2022-06-21T01:15:44 EDT">
  <testcase classname="testlayer.YourPayment" name="verifybutton" time="1.5"/>
  <testcase classname="testlayer.YourPayment" name="addcard" time="6.128"/>
  <testcase classname="testlayer.YourPayment" name="Default" time="8.072"/>
</testsuite> <!-- Default test -->
