<?xml version="1.0" encoding="UTF-8"?>
<!-- Generated by org.testng.reporters.JUnitXMLReporter -->
<testsuite ignored="0" hostname="DESKTOP-MIBOA5U" failures="0" tests="3" name="TestNG" time="60.133" errors="0" timestamp="2022-06-18T21:42:27 EDT">
  <testcase classname="testlayer.YourPayment" name="verifybutton" time="1.767"/>
  <testcase classname="testlayer.YourPayment" name="addcard" time="7.176"/>
  <testcase classname="testlayer.YourPayment" name="Default" time="7.776"/>
</testsuite> <!-- TestNG -->
